<?xml version="1.0" encoding="UTF-8"?>
<!-- Generated by org.testng.reporters.JUnitReportReporter -->
<testsuite skipped="1" hostname="HW2247" name="com.web.poc.script.GS1_HomePage" tests="1" failures="0" timestamp="10 Oct 2017 11:16:24 GMT" time="0.186" errors="0">
  <testcase name="GS1_HomePage" time="0.186" classname="com.web.poc.script.GS1_HomePage">
    <skipped/>
  </testcase> <!-- GS1_HomePage -->
</testsuite> <!-- com.web.poc.script.GS1_HomePage -->
